Arguments: 
  C:\Program Files\nodejs\node.exe C:\Users\dev\AppData\Roaming\npm\node_modules\yarn\bin\yarn.js add @faker-js/faker @prisma/client bcrypt clear-module cookie-parser crypto crypto-js debug dotenv express http-errors i jsonwebtoken morgan mysql npm prisma pug uuid

PATH: 
  C:\Hetic-2022\saline-web3-academy\saline-web3-academy\backend\node_modules\.bin;C:\Hetic-2022\saline-web3-academy\saline-web3-academy\node_modules\.bin;C:\Hetic-2022\saline-web3-academy\node_modules\.bin;C:\Hetic-2022\node_modules\.bin;C:\node_modules\.bin;C:\Program Files\nodejs\node_modules\npm\node_modules\@npmcli\run-script\lib\node-gyp-bin;C:\Program Files\Common Files\Oracle\Java\javapath;C:\Program Files (x86)\Common Files\Oracle\Java\javapath;C:\Python310\Scripts\;C:\Python310\;C:\Windows\system32;C:\Windows;C:\Windows\System32\Wbem;C:\Windows\System32\WindowsPowerShell\v1.0\;C:\Windows\System32\OpenSSH\;C:\Program Files\NVIDIA Corporation\NVIDIA NvDLISR;C:\Program Files (x86)\NVIDIA Corporation\PhysX\Common;C:\ProgramData\chocolatey\bin;C:\Program Files\Microsoft VS Code\bin;C:\WINDOWS\system32;C:\WINDOWS;C:\WINDOWS\System32\Wbem;C:\WINDOWS\System32\WindowsPowerShell\v1.0\;C:\WINDOWS\System32\OpenSSH\;C:\Program Files\Git\cmd;C:\ProgramData\ComposerSetup\bin;C:\Program Files\dotnet\;C:\Program Files\TortoiseSVN\bin;C:\laragon\bin;C:\tools\PHP;C:\laragon\bin\mysql\mysql-5.7.24-winx64\bin;C:\Program Files\nodejs\;C:\Program Files\Tailscale\;C:\Program Files\Docker\Docker\resources\bin;C:\laragon\bin;C:\laragon\bin\apache\httpd-2.4.35-win64-VC15\bin;C:\laragon\bin\composer;C:\laragon\bin\git\bin;C:\laragon\bin\git\cmd;C:\laragon\bin\git\mingw64\bin;C:\laragon\bin\git\usr\bin;C:\laragon\bin\laragon\utils;C:\laragon\bin\mysql\mysql-5.7.24-winx64\bin;C:\laragon\bin\nginx\nginx-1.16.0;C:\laragon\bin\ngrok;C:\laragon\bin\nodejs\node-v12;C:\laragon\bin\notepad++;C:\laragon\bin\php\php-7.4.12-Win32-VC15-x64;C:\laragon\bin\putty;C:\laragon\bin\redis\redis-x64-3.2.100;C:\laragon\bin\telnet;C:\laragon\usr\bin;C:\Users\dev\AppData\Local\Yarn\config\global\node_modules\.bin;C:\Users\dev\AppData\Roaming\Composer\vendor\bin;C:\Users\dev\AppData\Roaming\npm;C:\tools\PHP;C:\Program Files\Git\mingw64\bin;C:\Program Files\Git\usr\bin;C:\Program Files\Common Files\Oracle\Java\javapath;C:\Program Files (x86)\Common Files\Oracle\Java\javapath;C:\Python310\Scripts\;C:\Python310\;C:\Windows\system32;C:\Windows;C:\Windows\System32\Wbem;C:\Windows\System32\WindowsPowerShell\v1.0\;C:\Program Files\NVIDIA Corporation;C:\Users\dev\AppData\Local\Programs\Microsoft VS Code\bin;C:\Users\dev\AppData\Local\npm-cache\_npx\39b3f289af4a83db\node_modules\.bin

Yarn version: 
  1.22.19

Node version: 
  16.16.0

Platform: 
  win32 x64

Trace: 
  Error: https://registry.yarnpkg.com/buffer/-/buffer-6.0.3.tgz: Request failed "502 Bad Gateway"
      at ResponseError.ExtendableBuiltin (C:\Users\dev\AppData\Roaming\npm\node_modules\yarn\lib\cli.js:696:66)
      at new ResponseError (C:\Users\dev\AppData\Roaming\npm\node_modules\yarn\lib\cli.js:802:124)
      at Request.<anonymous> (C:\Users\dev\AppData\Roaming\npm\node_modules\yarn\lib\cli.js:66215:16)
      at Request.emit (node:events:527:28)
      at Request.module.exports.Request.onRequestResponse (C:\Users\dev\AppData\Roaming\npm\node_modules\yarn\lib\cli.js:141767:10)
      at ClientRequest.emit (node:events:527:28)
      at HTTPParser.parserOnIncomingClient (node:_http_client:631:27)
      at HTTPParser.parserOnHeadersComplete (node:_http_common:128:17)
      at HTTPParser.execute (<anonymous>)
      at TLSSocket.socketOnData (node:_http_client:494:22)

npm manifest: 
  {
    "name": "backend",
    "version": "0.0.0",
    "private": true,
    "scripts": {
      "start": "node ./bin/www",
      "start:dev": "nodemon --ignore node_modules ./bin/www",
      "dev": "nodemon --config nodemon.json src/index.ts",
      "dev:debug": "nodemon --config nodemon.json --inspect-brk src/index.ts",
      "restart": "docker-compose down && docker-compose up -d",
      "kill": "docker system prune -a",
      "tsw": "tsc --watch",
      "prisma-install": "npm install @prisma/client",
      "prs-run": "cd node_modules/.prisma/client; npx prisma generate",
      "prs-migrate": "npx prisma migrate dev --schema=./prisma/shema.prisma",
      "faker-data": "npx prisma db seed",
      "debug-routes": "DEBUG=express:router node app.js"
    },
    "nodemonConfig": {
      "legacyWatch": true,
      "ext": "js,json,mjs,pug,ts"
    },
    "dependencies": {
      "@faker-js/faker": "^8.0.2",
      "@prisma/client": "^5.0.0",
      "bcrypt": "^5.1.0",
      "clear-module": "^4.1.2",
      "cookie-parser": "~1.4.4",
      "crypto": "^1.0.1",
      "crypto-js": "^4.1.1",
      "debug": "~2.6.9",
      "dotenv": "^16.3.1",
      "express": "^4.18.2",
      "http-errors": "~1.6.3",
      "i": "^0.3.7",
      "jsonwebtoken": "^9.0.1",
      "morgan": "~1.9.1",
      "mysql": "^2.18.1",
      "npm": "^9.8.0",
      "prisma": "^5.0.0",
      "pug": "^2.0.4",
      "uuid": "^9.0.0"
    },
    "devDependencies": {
      "@types/node": "^20.4.1",
      "nodemon": "^2.0.22",
      "ts-node": "^10.9.1",
      "typescript": "^5.1.6"
    },
    "prisma": {
      "seed": "ts-node prisma/seed.ts"
    }
  }

yarn manifest: 
  No manifest

Lockfile: 
  No lockfile
